<?xml version="1.0" encoding="UTF-8"?>
<!-- Generated by org.testng.reporters.JUnitReportReporter -->
<testsuite hostname="DESKTOP-R0FCB55" name="com.qa.Testcase.TestCase" tests="1" failures="0" timestamp="5 Jun 2018 22:33:20 GMT" time="20.043" errors="0">
  <testcase name="activeLinks" time="20.043" classname="com.qa.Testcase.TestCase"/>
</testsuite> <!-- com.qa.Testcase.TestCase -->
